{"/Users/parambir/Code/simple-calculator-app/functions/calculator.js": {"path":"/Users/parambir/Code/simple-calculator-app/functions/calculator.js","statementMap":{"0":{"start":{"line":2,"column":2},"end":{"line":4,"column":3}},"1":{"start":{"line":3,"column":4},"end":{"line":3,"column":48}},"2":{"start":{"line":5,"column":2},"end":{"line":17,"column":3}},"3":{"start":{"line":7,"column":6},"end":{"line":7,"column":19}},"4":{"start":{"line":9,"column":6},"end":{"line":9,"column":19}},"5":{"start":{"line":11,"column":6},"end":{"line":11,"column":19}},"6":{"start":{"line":13,"column":6},"end":{"line":13,"column":55}},"7":{"start":{"line":13,"column":19},"end":{"line":13,"column":55}},"8":{"start":{"line":14,"column":6},"end":{"line":14,"column":19}},"9":{"start":{"line":16,"column":6},"end":{"line":16,"column":43}},"10":{"start":{"line":20,"column":0},"end":{"line":20,"column":31}}},"fnMap":{"0":{"name":"calculate","decl":{"start":{"line":1,"column":9},"end":{"line":1,"column":18}},"loc":{"start":{"line":1,"column":29},"end":{"line":18,"column":1}},"line":1}},"branchMap":{"0":{"loc":{"start":{"line":2,"column":2},"end":{"line":4,"column":3}},"type":"if","locations":[{"start":{"line":2,"column":2},"end":{"line":4,"column":3}},{"start":{},"end":{}}],"line":2},"1":{"loc":{"start":{"line":2,"column":6},"end":{"line":2,"column":90}},"type":"binary-expr","locations":[{"start":{"line":2,"column":6},"end":{"line":2,"column":27}},{"start":{"line":2,"column":31},"end":{"line":2,"column":52}},{"start":{"line":2,"column":56},"end":{"line":2,"column":71}},{"start":{"line":2,"column":75},"end":{"line":2,"column":90}}],"line":2},"2":{"loc":{"start":{"line":5,"column":2},"end":{"line":17,"column":3}},"type":"switch","locations":[{"start":{"line":6,"column":4},"end":{"line":7,"column":19}},{"start":{"line":8,"column":4},"end":{"line":9,"column":19}},{"start":{"line":10,"column":4},"end":{"line":11,"column":19}},{"start":{"line":12,"column":4},"end":{"line":14,"column":19}},{"start":{"line":15,"column":4},"end":{"line":16,"column":43}}],"line":5},"3":{"loc":{"start":{"line":13,"column":6},"end":{"line":13,"column":55}},"type":"if","locations":[{"start":{"line":13,"column":6},"end":{"line":13,"column":55}},{"start":{},"end":{}}],"line":13}},"s":{"0":64,"1":12,"2":52,"3":15,"4":8,"5":10,"6":10,"7":3,"8":7,"9":9,"10":2},"f":{"0":64},"b":{"0":[12,52],"1":[64,60,58,54],"2":[15,8,10,10,9],"3":[3,7]},"_coverageSchema":"1a1c01bbd47fc00a2c39e90264f33305004495a9","hash":"7e718b9109edb6c5d25d91acca30eb22f0a98e01"}
}
